Started at Sat Dec 03 02:05:09 UTC 2022
Processing installtomcat
Offering installtomcat to Project Build Discarder
Processing pipelinejfrog
Offering pipelinejfrog to Project Build Discarder
Processing pipelinejob
Offering pipelinejob to Project Build Discarder
Processing pipelinewjob
Offering pipelinewjob to Project Build Discarder
Processing Sample1
Offering Sample1 to Project Build Discarder
Processing Sample2
Offering Sample2 to Project Build Discarder
Processing webhook
Offering webhook to Project Build Discarder
Finished at Sat Dec 03 02:05:09 UTC 2022. 3ms
Started at Sat Dec 03 03:05:09 UTC 2022
Processing installtomcat
Offering installtomcat to Project Build Discarder
Processing pipelinejfrog
Offering pipelinejfrog to Project Build Discarder
Processing pipelinejob
Offering pipelinejob to Project Build Discarder
Processing pipelinewjob
Offering pipelinewjob to Project Build Discarder
Processing Sample1
Offering Sample1 to Project Build Discarder
Processing Sample2
Offering Sample2 to Project Build Discarder
Processing webhook
Offering webhook to Project Build Discarder
Finished at Sat Dec 03 03:05:09 UTC 2022. 1ms
Started at Sat Dec 03 04:05:09 UTC 2022
Processing installtomcat
Offering installtomcat to Project Build Discarder
Processing pipelinejfrog
Offering pipelinejfrog to Project Build Discarder
Processing pipelinejob
Offering pipelinejob to Project Build Discarder
Processing pipelinewjob
Offering pipelinewjob to Project Build Discarder
Processing Sample1
Offering Sample1 to Project Build Discarder
Processing Sample2
Offering Sample2 to Project Build Discarder
Processing webhook
Offering webhook to Project Build Discarder
Finished at Sat Dec 03 04:05:09 UTC 2022. 1ms
Started at Sat Dec 03 05:05:09 UTC 2022
Processing installtomcat
Offering installtomcat to Project Build Discarder
Processing pipelinejfrog
Offering pipelinejfrog to Project Build Discarder
Processing pipelinejob
Offering pipelinejob to Project Build Discarder
Processing pipelinewjob
Offering pipelinewjob to Project Build Discarder
Processing Sample1
Offering Sample1 to Project Build Discarder
Processing Sample2
Offering Sample2 to Project Build Discarder
Processing webhook
Offering webhook to Project Build Discarder
Finished at Sat Dec 03 05:05:09 UTC 2022. 4ms
Started at Sat Dec 03 06:05:09 UTC 2022
Processing installtomcat
Offering installtomcat to Project Build Discarder
Processing pipelinejfrog
Offering pipelinejfrog to Project Build Discarder
Processing pipelinejob
Offering pipelinejob to Project Build Discarder
Processing pipelinewjob
Offering pipelinewjob to Project Build Discarder
Processing Sample1
Offering Sample1 to Project Build Discarder
Processing Sample2
Offering Sample2 to Project Build Discarder
Processing webhook
Offering webhook to Project Build Discarder
Finished at Sat Dec 03 06:05:09 UTC 2022. 1ms
Started at Sat Dec 03 07:05:09 UTC 2022
Processing installtomcat
Offering installtomcat to Project Build Discarder
Processing pipelinejfrog
Offering pipelinejfrog to Project Build Discarder
Processing pipelinejob
Offering pipelinejob to Project Build Discarder
Processing pipelinewjob
Offering pipelinewjob to Project Build Discarder
Processing Sample1
Offering Sample1 to Project Build Discarder
Processing Sample2
Offering Sample2 to Project Build Discarder
Processing webhook
Offering webhook to Project Build Discarder
Finished at Sat Dec 03 07:05:09 UTC 2022. 6ms
